<?xml version="1.0" encoding="UTF-8"?>
<!-- Generated by org.testng.reporters.JUnitReportReporter -->
<testsuite hostname="DESKTOP-3PLE3V9" failures="0" tests="2" name="runner_script.Dataprovider1" time="13.272" errors="0" timestamp="2023-06-30T10:28:19 IST" skipped="0">
  <testcase classname="runner_script.Dataprovider1" name="validtest" time="8.330"/>
  <testcase classname="runner_script.Dataprovider1" name="validtest" time="4.942"/>
</testsuite> <!-- runner_script.Dataprovider1 -->
