<?xml version="1.0" encoding="UTF-8"?>
<!-- Generated by org.testng.reporters.JUnitReportReporter -->
<testsuite hostname="DESKTOP-3PLE3V9" failures="0" tests="2" name="runner_script.Runnerclass" time="20.164" errors="0" timestamp="2023-07-04T11:54:03 IST" skipped="0">
  <testcase classname="runner_script.Runnerclass" name="test" time="9.014"/>
  <testcase classname="runner_script.Runnerclass" name="test" time="11.150"/>
</testsuite> <!-- runner_script.Runnerclass -->
