<?xml version="1.0" encoding="UTF-8"?>
<!-- Generated by org.testng.reporters.JUnitReportReporter -->
<testsuite hostname="DESKTOP-3PLE3V9" failures="0" tests="1" name="runner_script.Logreport" time="0.239" errors="0" timestamp="2023-06-28T08:42:55 IST" skipped="0">
  <testcase classname="runner_script.Logreport" name="test2" time="0.239"/>
</testsuite> <!-- runner_script.Logreport -->
