<?xml version="1.0" encoding="UTF-8"?>
<!-- Generated by org.testng.reporters.JUnitReportReporter -->
<testsuite hostname="DESKTOP-3PLE3V9" failures="0" tests="1" name="runner_script.Genericlog" time="0.173" errors="0" timestamp="2023-06-27T10:52:30 IST" skipped="0">
  <testcase classname="runner_script.Genericlog" name="test2" time="0.173"/>
</testsuite> <!-- runner_script.Genericlog -->
