<?xml version="1.0" encoding="UTF-8"?>
<!-- Generated by org.testng.reporters.JUnitReportReporter -->
<testsuite hostname="DESKTOP-3PLE3V9" failures="0" tests="1" name="runner_script.Reportextent" time="4.223" errors="0" timestamp="2023-06-28T08:41:37 IST" skipped="0">
  <testcase classname="runner_script.Reportextent" name="test" time="4.223"/>
</testsuite> <!-- runner_script.Reportextent -->
