<?xml version="1.0" encoding="UTF-8"?>
<!-- Generated by org.testng.reporters.JUnitReportReporter -->
<testsuite hostname="DESKTOP-3PLE3V9" failures="0" tests="1" name="runner_script.Execlhybrid" time="10.197" errors="0" timestamp="2023-07-01T12:22:56 IST" skipped="0">
  <testcase classname="runner_script.Execlhybrid" name="test" time="10.197"/>
</testsuite> <!-- runner_script.Execlhybrid -->
