<?xml version="1.0" encoding="UTF-8"?>
<!-- Generated by org.testng.reporters.JUnitReportReporter -->
<testsuite hostname="DESKTOP-3PLE3V9" failures="0" tests="1" name="runner_script.property1" time="0.022" errors="0" timestamp="2023-06-22T10:45:39 IST" skipped="0">
  <testcase classname="runner_script.property1" name="test1" time="0.022"/>
</testsuite> <!-- runner_script.property1 -->
